<?xml version="1.0" encoding="UTF-8"?>
<!-- Generated by org.testng.reporters.JUnitReportReporter -->
<testsuite skipped="0" hostname="RTCMW3057M" name="TinderFramework.Tinder.SignUpToTinder" tests="1" failures="0" timestamp="14 ene 2019 10:47:35 GMT" time="7.864" errors="1">
  <testcase name="signUpToTinderAction" time="7.864" classname="TinderFramework.Tinder.SignUpToTinder">
    <error type="org.openqa.selenium.NoSuchWindowException" message="Window not found. The browser window may have been closed.
Command duration or timeout: 11 milliseconds
Build info: version: &#039;2.53.1&#039;, revision: &#039;a36b8b1cd5757287168e54b817830adce9b0158d&#039;, time: &#039;2016-06-30 19:26:09&#039;
System info: host: &#039;RTCMW3057M&#039;, ip: &#039;10.143.90.171&#039;, os.name: &#039;Windows 10&#039;, os.arch: &#039;amd64&#039;, os.version: &#039;10.0&#039;, java.version: &#039;1.8.0_191&#039;
Driver info: org.openqa.selenium.firefox.FirefoxDriver
Capabilities [{applicationCacheEnabled=true, rotatable=false, handlesAlerts=true, databaseEnabled=true, version=47.0.2, platform=WINDOWS, nativeEvents=false, acceptSslCerts=true, webStorageEnabled=true, locationContextEnabled=true, browserName=firefox, takesScreenshot=true, javascriptEnabled=true, cssSelectorsEnabled=true}]
Session ID: 28dadb29-2e71-4cf6-8f83-d117a0dec1f1">
      <![CDATA[org.openqa.selenium.NoSuchWindowException: Window not found. The browser window may have been closed.
Command duration or timeout: 11 milliseconds
Build info: version: '2.53.1', revision: 'a36b8b1cd5757287168e54b817830adce9b0158d', time: '2016-06-30 19:26:09'
System info: host: 'RTCMW3057M', ip: '10.143.90.171', os.name: 'Windows 10', os.arch: 'amd64', os.version: '10.0', java.version: '1.8.0_191'
Driver info: org.openqa.selenium.firefox.FirefoxDriver
Capabilities [{applicationCacheEnabled=true, rotatable=false, handlesAlerts=true, databaseEnabled=true, version=47.0.2, platform=WINDOWS, nativeEvents=false, acceptSslCerts=true, webStorageEnabled=true, locationContextEnabled=true, browserName=firefox, takesScreenshot=true, javascriptEnabled=true, cssSelectorsEnabled=true}]
Session ID: 28dadb29-2e71-4cf6-8f83-d117a0dec1f1
at sun.reflect.NativeConstructorAccessorImpl.newInstance0(Native Method)
at sun.reflect.NativeConstructorAccessorImpl.newInstance(Unknown Source)
at sun.reflect.DelegatingConstructorAccessorImpl.newInstance(Unknown Source)
at java.lang.reflect.Constructor.newInstance(Unknown Source)
at org.openqa.selenium.remote.ErrorHandler.createThrowable(ErrorHandler.java:206)
at org.openqa.selenium.remote.ErrorHandler.throwIfResponseFailed(ErrorHandler.java:158)
at org.openqa.selenium.remote.RemoteWebDriver.execute(RemoteWebDriver.java:678)
at org.openqa.selenium.remote.RemoteWebDriver.get(RemoteWebDriver.java:316)
at TinderFramework.Tinder.LoginPage.openPageTinderLogged(LoginPage.java:82)
at TinderFramework.Tinder.SignUpToTinder.signUpToTinderAction(SignUpToTinder.java:23)
at sun.reflect.NativeMethodAccessorImpl.invoke0(Native Method)
at sun.reflect.NativeMethodAccessorImpl.invoke(Unknown Source)
at sun.reflect.DelegatingMethodAccessorImpl.invoke(Unknown Source)
at java.lang.reflect.Method.invoke(Unknown Source)
at org.testng.internal.MethodInvocationHelper.invokeMethod(MethodInvocationHelper.java:124)
at org.testng.internal.Invoker.invokeMethod(Invoker.java:580)
at org.testng.internal.Invoker.invokeTestMethod(Invoker.java:716)
at org.testng.internal.Invoker.invokeTestMethods(Invoker.java:988)
at org.testng.internal.TestMethodWorker.invokeTestMethods(TestMethodWorker.java:125)
at org.testng.internal.TestMethodWorker.run(TestMethodWorker.java:109)
at org.testng.TestRunner.privateRun(TestRunner.java:648)
at org.testng.TestRunner.run(TestRunner.java:505)
at org.testng.SuiteRunner.runTest(SuiteRunner.java:455)
at org.testng.SuiteRunner.runSequentially(SuiteRunner.java:450)
at org.testng.SuiteRunner.privateRun(SuiteRunner.java:415)
at org.testng.SuiteRunner.run(SuiteRunner.java:364)
at org.testng.SuiteRunnerWorker.runSuite(SuiteRunnerWorker.java:52)
at org.testng.SuiteRunnerWorker.run(SuiteRunnerWorker.java:84)
at org.testng.TestNG.runSuitesSequentially(TestNG.java:1208)
at org.testng.TestNG.runSuitesLocally(TestNG.java:1137)
at org.testng.TestNG.runSuites(TestNG.java:1049)
at org.testng.TestNG.run(TestNG.java:1017)
at org.testng.remote.AbstractRemoteTestNG.run(AbstractRemoteTestNG.java:114)
at org.testng.remote.RemoteTestNG.initAndRun(RemoteTestNG.java:251)
at org.testng.remote.RemoteTestNG.main(RemoteTestNG.java:77)
Caused by: org.openqa.selenium.NoSuchWindowException: Window not found. The browser window may have been closed.
Build info: version: '2.53.1', revision: 'a36b8b1cd5757287168e54b817830adce9b0158d', time: '2016-06-30 19:26:09'
System info: host: 'RTCMW3057M', ip: '10.143.90.171', os.name: 'Windows 10', os.arch: 'amd64', os.version: '10.0', java.version: '1.8.0_191'
Driver info: driver.version: unknown
at <anonymous class>.nsCommandProcessor.prototype.execute(file:///C:/Users/ghallabs/AppData/Local/Temp/anonymous6504549278993214499webdriver-profile/extensions/fxdriver@googlecode.com/components/command-processor.js:12719)
at <anonymous class>.Dispatcher.executeAs/<(file:///C:/Users/ghallabs/AppData/Local/Temp/anonymous6504549278993214499webdriver-profile/extensions/fxdriver@googlecode.com/components/driver-component.js:9558)
at <anonymous class>.Resource.prototype.handle(file:///C:/Users/ghallabs/AppData/Local/Temp/anonymous6504549278993214499webdriver-profile/extensions/fxdriver@googlecode.com/components/driver-component.js:9705)
at <anonymous class>.Dispatcher.prototype.dispatch(file:///C:/Users/ghallabs/AppData/Local/Temp/anonymous6504549278993214499webdriver-profile/extensions/fxdriver@googlecode.com/components/driver-component.js:9652)
at <anonymous class>.WebDriverServer/<.handle(file:///C:/Users/ghallabs/AppData/Local/Temp/anonymous6504549278993214499webdriver-profile/extensions/fxdriver@googlecode.com/components/driver-component.js:12517)
at <anonymous class>.createHandlerFunc/<(file:///C:/Users/ghallabs/AppData/Local/Temp/anonymous6504549278993214499webdriver-profile/extensions/fxdriver@googlecode.com/components/httpd.js:2054)
at <anonymous class>.ServerHandler.prototype.handleResponse(file:///C:/Users/ghallabs/AppData/Local/Temp/anonymous6504549278993214499webdriver-profile/extensions/fxdriver@googlecode.com/components/httpd.js:2387)
at <anonymous class>.Connection.prototype.process(file:///C:/Users/ghallabs/AppData/Local/Temp/anonymous6504549278993214499webdriver-profile/extensions/fxdriver@googlecode.com/components/httpd.js:1223)
at <anonymous class>.RequestReader.prototype._handleResponse(file:///C:/Users/ghallabs/AppData/Local/Temp/anonymous6504549278993214499webdriver-profile/extensions/fxdriver@googlecode.com/components/httpd.js:1677)
at <anonymous class>.RequestReader.prototype._processBody(file:///C:/Users/ghallabs/AppData/Local/Temp/anonymous6504549278993214499webdriver-profile/extensions/fxdriver@googlecode.com/components/httpd.js:1525)
at <anonymous class>.RequestReader.prototype.onInputStreamReady(file:///C:/Users/ghallabs/AppData/Local/Temp/anonymous6504549278993214499webdriver-profile/extensions/fxdriver@googlecode.com/components/httpd.js:1393)
]]>
    </error>
  </testcase> <!-- signUpToTinderAction -->
</testsuite> <!-- TinderFramework.Tinder.SignUpToTinder -->
