<?xml version="1.0" encoding="UTF-8"?>
<!-- Generated by org.testng.reporters.JUnitReportReporter -->
<testsuite skipped="0" hostname="RTCMW3057M" name="TinderFramework.Tinder.SignUpToTinder" tests="1" failures="0" timestamp="09 ene 2019 13:58:48 GMT" time="7.476" errors="0">
  <testcase name="signUpToTinderAction" time="7.476" classname="TinderFramework.Tinder.SignUpToTinder"/>
</testsuite> <!-- TinderFramework.Tinder.SignUpToTinder -->
