<?xml version="1.0" encoding="UTF-8"?>
<!-- Generated by org.testng.reporters.JUnitReportReporter -->
<testsuite skipped="0" hostname="RTCMW3057M" name="TinderFramework.Tinder.ChangeLocationSetting" tests="1" failures="0" timestamp="09 ene 2019 15:07:09 GMT" time="12.589" errors="0">
  <testcase name="openTinderPage" time="12.589" classname="TinderFramework.Tinder.ChangeLocationSetting"/>
</testsuite> <!-- TinderFramework.Tinder.ChangeLocationSetting -->
