<?xml version="1.0" encoding="UTF-8"?>
<!-- Generated by org.testng.reporters.JUnitReportReporter -->
<testsuite skipped="0" hostname="RTCMW3057M" name="TinderFramework.Tinder.DoSwipeRightTinder" tests="1" failures="0" timestamp="10 ene 2019 11:41:33 GMT" time="5.635" errors="0">
  <testcase name="openTinderPage" time="5.635" classname="TinderFramework.Tinder.DoSwipeRightTinder"/>
</testsuite> <!-- TinderFramework.Tinder.DoSwipeRightTinder -->
