<?xml version="1.0" encoding="UTF-8"?>
<!-- Generated by org.testng.reporters.JUnitReportReporter -->
<testsuite skipped="0" hostname="RTCMW3057M" name="TinderFramework.Tinder.DoSwipeRightTinder" tests="1" failures="0" timestamp="14 ene 2019 14:55:24 GMT" time="7.297" errors="0">
  <testcase name="openTinderPage" time="7.297" classname="TinderFramework.Tinder.DoSwipeRightTinder"/>
</testsuite> <!-- TinderFramework.Tinder.DoSwipeRightTinder -->
