<?xml version="1.0" encoding="UTF-8"?>
<!-- Generated by org.testng.reporters.JUnitReportReporter -->
<testsuite skipped="0" hostname="RTCMW3057M" name="TinderFramework.Tinder.SettingTinderFirstTime" tests="1" failures="0" timestamp="09 ene 2019 11:50:10 GMT" time="4.993" errors="0">
  <testcase name="signUpToTinderAction" time="4.993" classname="TinderFramework.Tinder.SettingTinderFirstTime"/>
</testsuite> <!-- TinderFramework.Tinder.SettingTinderFirstTime -->
