<?xml version="1.0" encoding="UTF-8"?>
<!-- Generated by org.testng.reporters.JUnitReportReporter -->
<testsuite skipped="0" hostname="RTCMW3057M" name="TinderFramework.Tinder.SignUpToTinder" tests="1" failures="0" timestamp="08 ene 2019 09:55:55 GMT" time="16.273" errors="0">
  <testcase name="signUpToTinderAction" time="16.273" classname="TinderFramework.Tinder.SignUpToTinder"/>
</testsuite> <!-- TinderFramework.Tinder.SignUpToTinder -->
