<?xml version="1.0" encoding="UTF-8"?>
<!-- Generated by org.testng.reporters.JUnitReportReporter -->
<testsuite skipped="0" hostname="RTCMW3057M" name="TinderFramework.Tinder.SignUpToTinder" tests="1" failures="0" timestamp="04 ene 2019 12:54:55 GMT" time="11.795" errors="0">
  <testcase name="signUpToTinderAction" time="11.795" classname="TinderFramework.Tinder.SignUpToTinder"/>
</testsuite> <!-- TinderFramework.Tinder.SignUpToTinder -->
