<?xml version="1.0" encoding="UTF-8"?>
<!-- Generated by org.testng.reporters.JUnitReportReporter -->
<testsuite skipped="0" hostname="RTCMW3057M" name="TinderFramework.Tinder.OpenTinderPage" tests="1" failures="0" timestamp="14 ene 2019 14:52:52 GMT" time="4.153" errors="0">
  <testcase name="openTinderPage" time="4.153" classname="TinderFramework.Tinder.OpenTinderPage"/>
</testsuite> <!-- TinderFramework.Tinder.OpenTinderPage -->
