<?xml version="1.0" encoding="UTF-8"?>
<!-- Generated by org.testng.reporters.JUnitReportReporter -->
<testsuite skipped="0" hostname="RTCMW3057M" name="TinderFramework.Tinder.SignUpToTinder" tests="1" failures="0" timestamp="03 ene 2019 14:29:31 GMT" time="9.516" errors="0">
  <testcase name="signUpToTinderAction" time="9.516" classname="TinderFramework.Tinder.SignUpToTinder"/>
</testsuite> <!-- TinderFramework.Tinder.SignUpToTinder -->
