<?xml version="1.0" encoding="UTF-8"?>
<!-- Generated by org.testng.reporters.JUnitReportReporter -->
<testsuite skipped="0" hostname="RTCMW3057M" name="TinderFramework.Tinder.OpenTinderPage" tests="1" failures="0" timestamp="10 ene 2019 11:40:34 GMT" time="0.005" errors="0">
  <testcase name="openTinderPage" time="0.005" classname="TinderFramework.Tinder.OpenTinderPage"/>
</testsuite> <!-- TinderFramework.Tinder.OpenTinderPage -->
