<?xml version="1.0" encoding="UTF-8"?>
<!-- Generated by org.testng.reporters.JUnitReportReporter -->
<testsuite skipped="0" hostname="RTCMW3057M" name="TinderFramework.Tinder.NewTest" tests="1" failures="0" timestamp="04 ene 2019 12:59:50 GMT" time="3.539" errors="0">
  <testcase name="openTinderPage" time="3.539" classname="TinderFramework.Tinder.NewTest"/>
</testsuite> <!-- TinderFramework.Tinder.NewTest -->
